{"bugs": {"329354": {"comments": [{"attachment_id": null, "count": 0, "creator": "rumcic@gmail.com", "is_private": false, "raw_text": "User-Agent:       Mozilla/4.0 (compatible; MSIE 6.0; Windows NT 5.1; en) Opera 8.52\nBuild Identifier: Mozilla/5.0 (Windows; U; Windows NT 5.1; en-US; rv:1.9a1) Gecko/20060304 Firefox/1.6a1\n\nIt writes into the javascript console:\nError: uncaught exception: [Exception... \"Component returned failure code: 0x80004005 (NS_ERROR_FAILURE) [nsIDOMNSHTMLInputElement.selectionStart]\"  nsresult: \"0x80004005 (NS_ERROR_FAILURE)\"  location: \"JS frame :: http://xxx/index.php?page=timetable&subpage=edit&group=8&date=2006-03-04&time=21:00:00 :: cloneObject :: line 144\"  data: no]\n\n(switched the ip with \"xxx\")\n\ntried it with ff 1.5.0.1 and latest nightly build, all in windows ... works in latest opera and msie 6.0.2900.2180...\n\nReproducible: Always\n\nSteps to Reproduce:\n1. open the page\n2. click on the image called puscica-gor.jpg\n\nActual Results:  \nexcept the error nothing ... it should switch 2 values, but it does not (the arrow up (puscica-gor.jpg) image\n\nExpected Results:  \nIt should switch the values of the hidden field that is right next to the image and the one that is previous to it and then submit the form", "author": "rumcic@gmail.com", "creation_time": "2006-03-04T19:06:14Z", "id": 2793974, "text": "User-Agent:       Mozilla/4.0 (compatible; MSIE 6.0; Windows NT 5.1; en) Opera 8.52\nBuild Identifier: Mozilla/5.0 (Windows; U; Windows NT 5.1; en-US; rv:1.9a1) Gecko/20060304 Firefox/1.6a1\n\nIt writes into the javascript console:\nError: uncaught exception: [Exception... \"Component returned failure code: 0x80004005 (NS_ERROR_FAILURE) [nsIDOMNSHTMLInputElement.selectionStart]\"  nsresult: \"0x80004005 (NS_ERROR_FAILURE)\"  location: \"JS frame :: http://xxx/index.php?page=timetable&subpage=edit&group=8&date=2006-03-04&time=21:00:00 :: cloneObject :: line 144\"  data: no]\n\n(switched the ip with \"xxx\")\n\ntried it with ff 1.5.0.1 and latest nightly build, all in windows ... works in latest opera and msie 6.0.2900.2180...\n\nReproducible: Always\n\nSteps to Reproduce:\n1. open the page\n2. click on the image called puscica-gor.jpg\n\nActual Results:  \nexcept the error nothing ... it should switch 2 values, but it does not (the arrow up (puscica-gor.jpg) image\n\nExpected Results:  \nIt should switch the values of the hidden field that is right next to the image and the one that is previous to it and then submit the form", "tags": [], "time": "2006-03-04T19:06:14Z", "bug_id": 329354}, {"creator": "rumcic@gmail.com", "attachment_id": 214008, "count": 1, "author": "rumcic@gmail.com", "creation_time": "2006-03-04T19:07:02Z", "is_private": false, "raw_text": "", "tags": [], "time": "2006-03-04T19:07:02Z", "id": 2793975, "text": "Created attachment 214008\nThe test page where it fails", "bug_id": 329354}, {"id": 2794338, "text": "I don't get any JS errors on that page. And also, please attach a minimized testcase showing the issue. There is a lot of HTML on that page that I am sure is not needed to trigger the error. Also remove unnecessary JS (rollover js) that is not needed to show the bug. Makes it easier to see if there is a bug", "tags": [], "time": "2006-03-05T13:43:13Z", "bug_id": 329354, "attachment_id": null, "count": 2, "creator": "bugzilla@spray.se", "is_private": false, "raw_text": "I don't get any JS errors on that page. And also, please attach a minimized testcase showing the issue. There is a lot of HTML on that page that I am sure is not needed to trigger the error. Also remove unnecessary JS (rollover js) that is not needed to show the bug. Makes it easier to see if there is a bug", "author": "bugzilla@spray.se", "creation_time": "2006-03-05T13:43:13Z"}, {"bug_id": 329354, "id": 2795084, "text": "Created attachment 214193\nCleaned up testcase", "time": "2006-03-06T17:14:35Z", "tags": [], "raw_text": "", "creator": "rumcic@gmail.com", "is_private": false, "creation_time": "2006-03-06T17:14:35Z", "author": "rumcic@gmail.com", "count": 3, "attachment_id": 214193}, {"bug_id": 329354, "text": "(In reply to comment #2)\n> I don't get any JS errors on that page. And also, please attach a minimized\n> testcase showing the issue. There is a lot of HTML on that page that I am sure\n> is not needed to trigger the error. Also remove unnecessary JS (rollover js)\n> that is not needed to show the bug. Makes it easier to see if there is a bug\n> \n\nI can reproduce the same JS error every single time i click on the puscica-gor and puscica-dol images. ... every single time might i add. All testing was done on windows.", "id": 2795087, "time": "2006-03-06T17:16:07Z", "tags": [], "raw_text": "(In reply to comment #2)\n> I don't get any JS errors on that page. And also, please attach a minimized\n> testcase showing the issue. There is a lot of HTML on that page that I am sure\n> is not needed to trigger the error. Also remove unnecessary JS (rollover js)\n> that is not needed to show the bug. Makes it easier to see if there is a bug\n> \n\nI can reproduce the same JS error every single time i click on the puscica-gor and puscica-dol images. ... every single time might i add. All testing was done on windows.", "is_private": false, "creation_time": "2006-03-06T17:16:07Z", "author": "rumcic@gmail.com", "count": 4, "attachment_id": null, "creator": "rumcic@gmail.com"}, {"creation_time": "2007-06-06T16:43:21Z", "author": "steve.england@gmail.com", "raw_text": "Reporter, do you still see this problem with the latest Firefox 2? If not, can you please close this bug as WORKSFORME. Thanks!\n", "is_private": false, "creator": "steve.england@gmail.com", "count": 5, "attachment_id": null, "bug_id": 329354, "time": "2007-06-06T16:43:21Z", "tags": [], "text": "Reporter, do you still see this problem with the latest Firefox 2? If not, can you please close this bug as WORKSFORME. Thanks!\n", "id": 3206770}, {"bug_id": 329354, "id": 3206804, "text": "I'm using 2.0.0.4 right now on DragonFly BSD and I still get the error:\nError: uncaught exception: [Exception... \"Component returned failure code: 0x80004005 (NS_ERROR_FAILURE) [nsIDOMNSHTMLInputElement.selectionStart]\"  nsresult: \"0x80004005 (NS_ERROR_FAILURE)\"  location: \"JS frame :: https://bugzilla.mozilla.org/attachment.cgi?id=214193 :: cloneObject :: line 6\"  data: no]", "tags": [], "time": "2007-06-06T16:51:33Z", "is_private": false, "raw_text": "I'm using 2.0.0.4 right now on DragonFly BSD and I still get the error:\nError: uncaught exception: [Exception... \"Component returned failure code: 0x80004005 (NS_ERROR_FAILURE) [nsIDOMNSHTMLInputElement.selectionStart]\"  nsresult: \"0x80004005 (NS_ERROR_FAILURE)\"  location: \"JS frame :: https://bugzilla.mozilla.org/attachment.cgi?id=214193 :: cloneObject :: line 6\"  data: no]", "author": "rumcic@gmail.com", "creation_time": "2007-06-06T16:51:33Z", "attachment_id": null, "count": 6, "creator": "rumcic@gmail.com"}, {"creator": "fabian.jakobs@web.de", "count": 7, "attachment_id": 306004, "creation_time": "2008-02-27T14:20:20Z", "author": "fabian.jakobs@web.de", "raw_text": "This is a simplified test case. The problem is that Firefox throws an exception if the selectionStart property is accessed, while the input element or one of its parents has 'display:none' set.\n\nThe bug should be renamed.", "is_private": false, "time": "2008-02-27T14:20:20Z", "tags": [], "text": "Created attachment 306004\nSimplified test case\n\nThis is a simplified test case. The problem is that Firefox throws an exception if the selectionStart property is accessed, while the input element or one of its parents has 'display:none' set.\n\nThe bug should be renamed.", "id": 3501637, "bug_id": 329354}, {"creator": "fabian.jakobs@web.de", "attachment_id": null, "count": 8, "author": "fabian.jakobs@web.de", "creation_time": "2008-02-27T14:25:34Z", "is_private": false, "raw_text": "The same happens for selectionEnd", "tags": [], "time": "2008-02-27T14:25:34Z", "text": "The same happens for selectionEnd", "id": 3501638, "bug_id": 329354}, {"attachment_id": null, "count": 9, "creator": "fabian.jakobs@web.de", "is_private": false, "raw_text": "The testcase works fine in Opera and Webkit. Both return 0.", "author": "fabian.jakobs@web.de", "creation_time": "2008-02-27T14:35:56Z", "id": 3501650, "text": "The testcase works fine in Opera and Webkit. Both return 0.", "tags": [], "time": "2008-02-27T14:35:56Z", "bug_id": 329354}, {"bug_id": 329354, "time": "2010-04-17T21:25:20Z", "tags": [], "text": "This bug was reported on Firefox 2.x or older, which is no longer supported and will not be receiving any more updates. I strongly suggest that you update to Firefox 3.6.3 or later, update your plugins (flash, adobe, etc.), and retest in a new profile. If you still see the issue with the updated Firefox, please post here. Otherwise, please close as RESOLVED > WORKSFORME\nhttp://www.mozilla.com\nhttp://support.mozilla.com/kb/Managing+profiles\nhttp://support.mozilla.com/kb/Safe+mode", "id": 4644489, "creation_time": "2010-04-17T21:25:20Z", "author": "tdowner@mozilla.com", "raw_text": "This bug was reported on Firefox 2.x or older, which is no longer supported and will not be receiving any more updates. I strongly suggest that you update to Firefox 3.6.3 or later, update your plugins (flash, adobe, etc.), and retest in a new profile. If you still see the issue with the updated Firefox, please post here. Otherwise, please close as RESOLVED > WORKSFORME\nhttp://www.mozilla.com\nhttp://support.mozilla.com/kb/Managing+profiles\nhttp://support.mozilla.com/kb/Safe+mode", "is_private": false, "creator": "tdowner@mozilla.com", "count": 10, "attachment_id": null}, {"bug_id": 329354, "text": "No reply, INCOMPLETE. Please retest with Firefox 3.6.x or later and a new profile (http://support.mozilla.com/kb/Managing+profiles). If you continue to see this issue with the newest firefox and a new profile, then please comment on this bug.", "id": 4708431, "time": "2010-05-23T00:13:11Z", "tags": [], "raw_text": "No reply, INCOMPLETE. Please retest with Firefox 3.6.x or later and a new profile (http://support.mozilla.com/kb/Managing+profiles). If you continue to see this issue with the newest firefox and a new profile, then please comment on this bug.", "is_private": false, "creation_time": "2010-05-23T00:13:11Z", "author": "tdowner@mozilla.com", "count": 11, "attachment_id": null, "creator": "tdowner@mozilla.com"}]}}, "comments": {}}