{"bugs": {"691986": {"comments": [{"id": 5759155, "raw_text": "the following is the console output:\n4248 INFO TEST-START | chrome://mochitests/content/chrome/dom/plugins/test/test_crash_notify.xul\n++DOMWINDOW == 392 (0x1414f8e68) [serial = 639] [outer = 0x10b705cf0]\nJavaScript error: , line 0: uncaught exception: [Exception... \"Component returned failure code: 0x8000ffff (NS_ERROR_UNEXPECTED) [nsIPrefBranch2.getBoolPref]\"  nsresult: \"0x8000ffff (NS_ERROR_UNEXPECTED)\"  location: \"JS frame :: file:///var/folders/pd/b9x2zsv156sfbdz9wfwh_8qr0000gn/T/tmppxpZ_S/extensions/special-powers@mozilla.org/components/SpecialPowersObserver.js :: <TOP_LEVEL> :: line 236\"  data: no]\nWARNING: NS_ENSURE_SUCCESS(rv, 0) failed with result 0x8000FFFF: file /Users/johnhammink/Documents/gits/mozilla/content/base/src/nsContentUtils.cpp, line 2543\nWARNING: NS_ENSURE_TRUE(pusher.Push(aBoundElement)) failed: file /Users/johnhammink/Documents/gits/mozilla/content/xbl/src/nsXBLProtoImplMethod.cpp, line 327\nFor application/x-test found plugin Test.plugin\nXPCOM_MEM_BLOAT_LOG: /var/folders/pd/b9x2zsv156sfbdz9wfwh_8qr0000gn/T/tmppxpZ_S/runtests_leaks.log\nWriting to log: /var/folders/pd/b9x2zsv156sfbdz9wfwh_8qr0000gn/T/tmppxpZ_S/runtests_leaks_plugin_pid26101.log\nAssertion failed: (count && length), function AllocateObjectAndArray, file /Users/johnhammink/Documents/gits/mozilla/toolkit/crashreporter/google-breakpad/src/client/mac/handler/../../../client/minidump_file_writer-inl.h, line 66.\nTEST-UNEXPECTED-FAIL | chrome://mochitests/content/chrome/dom/plugins/test/test_crash_notify.xul | application timed out after 330 seconds with no output\nCan't trigger Breakpad, just killing process\nINFO | automation.py | Application ran for: 0:07:51.308346\nINFO | automation.py | Reading PID log: /var/folders/pd/b9x2zsv156sfbdz9wfwh_8qr0000gn/T/tmpPTh_bwpidlog\nPROCESS-CRASH | chrome://mochitests/content/chrome/dom/plugins/test/test_crash_notify.xul | application crashed (minidump found)\nCrash dump filename: /var/folders/pd/b9x2zsv156sfbdz9wfwh_8qr0000gn/T/tmppxpZ_S/minidumps/B288DC7F-E89E-49D6-8824-8CACD8D64112.dmp\nNeither MINIDUMP_STACKWALK nor MINIDUMP_STACKWALK_CGI is set, can't process dump.\nTEST-UNEXPECTED-FAIL | automationutils.processLeakLog() | missing output line for total leaks!\n==> process 26101 will purposefully crash\nINFO | automationutils.processLeakLog() | process 26101 was deliberately crashed and thus has no leak log\n\nINFO | runtests.py | Running tests: end.\nmake: *** [mochitest-chrome] Error 250", "attachment_id": 564710, "text": "Created attachment 564710\nCrashdump from Mac\n\nthe following is the console output:\n4248 INFO TEST-START | chrome://mochitests/content/chrome/dom/plugins/test/test_crash_notify.xul\n++DOMWINDOW == 392 (0x1414f8e68) [serial = 639] [outer = 0x10b705cf0]\nJavaScript error: , line 0: uncaught exception: [Exception... \"Component returned failure code: 0x8000ffff (NS_ERROR_UNEXPECTED) [nsIPrefBranch2.getBoolPref]\"  nsresult: \"0x8000ffff (NS_ERROR_UNEXPECTED)\"  location: \"JS frame :: file:///var/folders/pd/b9x2zsv156sfbdz9wfwh_8qr0000gn/T/tmppxpZ_S/extensions/special-powers@mozilla.org/components/SpecialPowersObserver.js :: <TOP_LEVEL> :: line 236\"  data: no]\nWARNING: NS_ENSURE_SUCCESS(rv, 0) failed with result 0x8000FFFF: file /Users/johnhammink/Documents/gits/mozilla/content/base/src/nsContentUtils.cpp, line 2543\nWARNING: NS_ENSURE_TRUE(pusher.Push(aBoundElement)) failed: file /Users/johnhammink/Documents/gits/mozilla/content/xbl/src/nsXBLProtoImplMethod.cpp, line 327\nFor application/x-test found plugin Test.plugin\nXPCOM_MEM_BLOAT_LOG: /var/folders/pd/b9x2zsv156sfbdz9wfwh_8qr0000gn/T/tmppxpZ_S/runtests_leaks.log\nWriting to log: /var/folders/pd/b9x2zsv156sfbdz9wfwh_8qr0000gn/T/tmppxpZ_S/runtests_leaks_plugin_pid26101.log\nAssertion failed: (count && length), function AllocateObjectAndArray, file /Users/johnhammink/Documents/gits/mozilla/toolkit/crashreporter/google-breakpad/src/client/mac/handler/../../../client/minidump_file_writer-inl.h, line 66.\nTEST-UNEXPECTED-FAIL | chrome://mochitests/content/chrome/dom/plugins/test/test_crash_notify.xul | application timed out after 330 seconds with no output\nCan't trigger Breakpad, just killing process\nINFO | automation.py | Application ran for: 0:07:51.308346\nINFO | automation.py | Reading PID log: /var/folders/pd/b9x2zsv156sfbdz9wfwh_8qr0000gn/T/tmpPTh_bwpidlog\nPROCESS-CRASH | chrome://mochitests/content/chrome/dom/plugins/test/test_crash_notify.xul | application crashed (minidump found)\nCrash dump filename: /var/folders/pd/b9x2zsv156sfbdz9wfwh_8qr0000gn/T/tmppxpZ_S/minidumps/B288DC7F-E89E-49D6-8824-8CACD8D64112.dmp\nNeither MINIDUMP_STACKWALK nor MINIDUMP_STACKWALK_CGI is set, can't process dump.\nTEST-UNEXPECTED-FAIL | automationutils.processLeakLog() | missing output line for total leaks!\n==> process 26101 will purposefully crash\nINFO | automationutils.processLeakLog() | process 26101 was deliberately crashed and thus has no leak log\n\nINFO | runtests.py | Running tests: end.\nmake: *** [mochitest-chrome] Error 250", "time": "2011-10-05T00:23:05Z", "bug_id": 691986, "tags": [], "creation_time": "2011-10-05T00:23:05Z", "author": "jhammink@mozilla.com", "count": 0, "is_private": false, "creator": "jhammink@mozilla.com"}, {"id": 5762173, "attachment_id": null, "raw_text": "I can reproduce this with nightly from 10-05.", "creation_time": "2011-10-06T00:19:57Z", "author": "jhammink@mozilla.com", "text": "I can reproduce this with nightly from 10-05.", "bug_id": 691986, "tags": [], "time": "2011-10-06T00:19:57Z", "is_private": false, "creator": "jhammink@mozilla.com", "count": 1}, {"creator": "dmandelin@mozilla.com", "is_private": false, "author": "dmandelin@mozilla.com", "creation_time": "2011-10-13T00:05:52Z", "tags": [], "time": "2011-10-13T00:05:52Z", "text": "This doesn't repro for me on a fresh OS 10.6 build. Can you give more exact STR?", "attachment_id": null, "raw_text": "This doesn't repro for me on a fresh OS 10.6 build. Can you give more exact STR?", "id": 5779118, "count": 2, "bug_id": 691986}]}}, "comments": {}}