{"bugs": {"641755": {"comments": [{"count": 0, "bug_id": 641755, "raw_text": "mozilla-central/gfx/ycbcr $ sudo make\nmake export\n/opt/local/bin/python2.7 ../../config/buildlist.py ../../config/final-link-libs ycbcr\n/opt/local/var/macports/build/_Users_jeremy_src_macports_trunk_dports_devel_xulrunner-devel/work/mozilla-central/config/nsinstall -L /opt/local/var/macports/build/_Users_jeremy_src_macports_trunk_dports_devel_xulrunner-devel/work/mozilla-central/gfx/ycbcr -m 644 chromium_types.h yuv_convert.h yuv_row.h ../../dist/include\nmake libs\nyuv_row_posix.cpp\n/usr/bin/g++-4.2 -arch i386 -o yuv_row_posix.o -c  -fvisibility=hidden -D_IMPL_NS_GFX -DMOZILLA_INTERNAL_API -D_IMPL_NS_COM -DEXPORT_XPT_API -DEXPORT_XPTC_API -D_IMPL_NS_GFX -D_IMPL_NS_WIDGET -DIMPL_XREAPI -DIMPL_NS_NET -DIMPL_THEBES  -DSTATIC_EXPORTABLE_JS_API -DOSTYPE=\\\"Darwin9.8.0\\\" -DOSARCH=Darwin  -I. -I. -I../../dist/include -I../../dist/include/nsprpub  -I/opt/local/include/nspr -I/opt/local/include/nss -I/opt/local/include  -I/opt/local/include    -fPIC -I/opt/local/include -fno-rtti -fno-exceptions -Wall -Wpointer-arith -Woverloaded-virtual -Wsynth -Wno-ctor-dtor-privacy -Wno-non-virtual-dtor -Wcast-align -Wno-invalid-offsetof -Wno-variadic-macros -Werror=return-type -pipe -ggdb3 -arch i386 -fno-strict-aliasing -fpascal-strings -fno-common -fshort-wchar -pthread -pipe  -DNDEBUG -DTRIMMED -O2  -I/opt/local/include -DMOZILLA_CLIENT -include ../../mozilla-config.h -MD -MF .deps/yuv_row_posix.pp yuv_row_posix.cpp\n{standard input}:3834:Unknown pseudo-op: .previous\n{standard input}:3893:Unknown pseudo-op: .previous\n{standard input}:3983:Unknown pseudo-op: .previous\nmake[1]: *** [yuv_row_posix.o] Error 1\nmake: *** [default] Error 2\n\nThe problem is that the .previous ops are in:\n\n#if !defined(XP_MACOSX)\n  \".previous\\n\"\n#endif\n\nbut that is not effective since XP_MACOSX isn't defined when building this file.  These should probably be changed to #ifndef __APPLE__ since you're testing for the assembler support.", "tags": [], "is_private": false, "time": "2011-03-15T05:20:54Z", "creation_time": "2011-03-15T05:20:54Z", "author": "jeremyhu@macports.org", "creator": "jeremyhu@macports.org", "text": "mozilla-central/gfx/ycbcr $ sudo make\nmake export\n/opt/local/bin/python2.7 ../../config/buildlist.py ../../config/final-link-libs ycbcr\n/opt/local/var/macports/build/_Users_jeremy_src_macports_trunk_dports_devel_xulrunner-devel/work/mozilla-central/config/nsinstall -L /opt/local/var/macports/build/_Users_jeremy_src_macports_trunk_dports_devel_xulrunner-devel/work/mozilla-central/gfx/ycbcr -m 644 chromium_types.h yuv_convert.h yuv_row.h ../../dist/include\nmake libs\nyuv_row_posix.cpp\n/usr/bin/g++-4.2 -arch i386 -o yuv_row_posix.o -c  -fvisibility=hidden -D_IMPL_NS_GFX -DMOZILLA_INTERNAL_API -D_IMPL_NS_COM -DEXPORT_XPT_API -DEXPORT_XPTC_API -D_IMPL_NS_GFX -D_IMPL_NS_WIDGET -DIMPL_XREAPI -DIMPL_NS_NET -DIMPL_THEBES  -DSTATIC_EXPORTABLE_JS_API -DOSTYPE=\\\"Darwin9.8.0\\\" -DOSARCH=Darwin  -I. -I. -I../../dist/include -I../../dist/include/nsprpub  -I/opt/local/include/nspr -I/opt/local/include/nss -I/opt/local/include  -I/opt/local/include    -fPIC -I/opt/local/include -fno-rtti -fno-exceptions -Wall -Wpointer-arith -Woverloaded-virtual -Wsynth -Wno-ctor-dtor-privacy -Wno-non-virtual-dtor -Wcast-align -Wno-invalid-offsetof -Wno-variadic-macros -Werror=return-type -pipe -ggdb3 -arch i386 -fno-strict-aliasing -fpascal-strings -fno-common -fshort-wchar -pthread -pipe  -DNDEBUG -DTRIMMED -O2  -I/opt/local/include -DMOZILLA_CLIENT -include ../../mozilla-config.h -MD -MF .deps/yuv_row_posix.pp yuv_row_posix.cpp\n{standard input}:3834:Unknown pseudo-op: .previous\n{standard input}:3893:Unknown pseudo-op: .previous\n{standard input}:3983:Unknown pseudo-op: .previous\nmake[1]: *** [yuv_row_posix.o] Error 1\nmake: *** [default] Error 2\n\nThe problem is that the .previous ops are in:\n\n#if !defined(XP_MACOSX)\n  \".previous\\n\"\n#endif\n\nbut that is not effective since XP_MACOSX isn't defined when building this file.  These should probably be changed to #ifndef __APPLE__ since you're testing for the assembler support.", "id": 5345163, "attachment_id": null}]}}, "comments": {}}