{"bugs": {"714190": {"comments": [{"tags": [], "text": "Created attachment 584876\nFull output.log\n\nWhen running the `nss/tests/all.sh' script after building, I get a total of 59 test-failures. The first two -- and they seems to repeat and be responsible for at least some of the subsequent ones -- read:\n\n....\ncert.sh: Creating an EC CA Certificate TestCA-ec ==========================\n/mi/ports/security/nss/work/nss-3.13.1/mozilla/tests_results/security/utka.3/CA\ncert.sh: Creating EC CA Cert TestCA-ec  --------------------------\ncertutil -s \"CN=NSS Test CA (ECC), O=BOGUS NSS, L=Mountain View, ST=California, C=US\" -S -n TestCA-ec -k ec -q secp521r1 -t CTu,CTu,CTu -v 60\n0 -x -d . -1 -2 -5 -f ../tests.pw -z ../tests_noise -m 1\n\n\nGenerating key.  This may take a few moments...\n\ncertutil: signing of data failed: security library: invalid algorithm.\ncert.sh: #59: Creating EC CA Cert TestCA-ec  (255=0)  - FAILED\ncert.sh ERROR: Creating EC CA Cert TestCA-ec  failed 255\nreturn value is 255\ncert.sh: Exit: 6 Fatal - failed to create EC CA cert - FAILED\ncert.sh: #60: 6 Fatal - failed to create EC CA cert - FAILED\nTIMESTAMP cert END: \u0447\u0442 29 \u0433\u0440\u0443 2011 18:33:19 EST\n\nThe failures are the same even after I perform a full install of the freshly-built binaries, so this is not the case of the older installed version interfering with the test of the newly-built one...", "bug_id": 714190, "raw_text": "When running the `nss/tests/all.sh' script after building, I get a total of 59 test-failures. The first two -- and they seems to repeat and be responsible for at least some of the subsequent ones -- read:\n\n....\ncert.sh: Creating an EC CA Certificate TestCA-ec ==========================\n/mi/ports/security/nss/work/nss-3.13.1/mozilla/tests_results/security/utka.3/CA\ncert.sh: Creating EC CA Cert TestCA-ec  --------------------------\ncertutil -s \"CN=NSS Test CA (ECC), O=BOGUS NSS, L=Mountain View, ST=California, C=US\" -S -n TestCA-ec -k ec -q secp521r1 -t CTu,CTu,CTu -v 60\n0 -x -d . -1 -2 -5 -f ../tests.pw -z ../tests_noise -m 1\n\n\nGenerating key.  This may take a few moments...\n\ncertutil: signing of data failed: security library: invalid algorithm.\ncert.sh: #59: Creating EC CA Cert TestCA-ec  (255=0)  - FAILED\ncert.sh ERROR: Creating EC CA Cert TestCA-ec  failed 255\nreturn value is 255\ncert.sh: Exit: 6 Fatal - failed to create EC CA cert - FAILED\ncert.sh: #60: 6 Fatal - failed to create EC CA cert - FAILED\nTIMESTAMP cert END: \u0447\u0442 29 \u0433\u0440\u0443 2011 18:33:19 EST\n\nThe failures are the same even after I perform a full install of the freshly-built binaries, so this is not the case of the older installed version interfering with the test of the newly-built one...", "attachment_id": 584876, "author": "mi+mozilla@aldan.algebra.com", "creator": "mi+mozilla@aldan.algebra.com", "time": "2011-12-29T23:56:22Z", "creation_time": "2011-12-29T23:56:22Z", "is_private": false, "id": 5946045, "count": 0}]}}, "comments": {}}